<?xml version="1.0" encoding="UTF-8"?>
<!-- Generated by org.testng.reporters.JUnitXMLReporter -->
<testsuite hostname="FUNSOs-Air" ignored="0" tests="1" failures="0" timestamp="2019-11-27T14:14:30 GMT" time="7.95" errors="0">
  <testcase name="@BeforeTest initialise" time="7.824" classname="HomePage">
    <failure type="org.openqa.selenium.SessionNotCreatedException" message="session not created: This version of ChromeDriver only supports Chrome version 75
Build info: version: &amp;apos;3.141.59&amp;apos;, revision: &amp;apos;e82be7d358&amp;apos;, time: &amp;apos;2018-11-14T08:25:48&amp;apos;
System info: host: &amp;apos;FUNSOs-Air&amp;apos;, ip: &amp;apos;192.168.1.242&amp;apos;, os.name: &amp;apos;Mac OS X&amp;apos;, os.arch: &amp;apos;x86_64&amp;apos;, os.version: &amp;apos;10.13.6&amp;apos;, java.version: &amp;apos;1.8.0_144&amp;apos;
Driver info: driver.version: ChromeDriver
remote stacktrace: 0   chromedriver                        0x0000000109bf3319 chromedriver + 3597081
1   chromedriver                        0x0000000109b82f73 chromedriver + 3137395
2   chromedriver                        0x000000010992ec7f chromedriver + 695423
3   chromedriver                        0x000000010989ca6b chromedriver + 96875
4   chromedriver                        0x0000000109898b18 chromedriver + 80664
5   chromedriver                        0x00000001098c5139 chromedriver + 262457
6   chromedriver                        0x00000001098c2753 chromedriver + 251731
7   chromedriver                        0x000000010989eaea chromedriver + 105194
8   chromedriver                        0x000000010989fb45 chromedriver + 109381
9   chromedriver                        0x0000000109bb1f85 chromedriver + 3329925
10  chromedriver                        0x0000000109bbd890 chromedriver + 3377296
11  chromedriver                        0x0000000109bbd628 chromedriver + 3376680
12  chromedriver                        0x0000000109b91769 chromedriver + 3196777
13  chromedriver                        0x0000000109bbe108 chromedriver + 3379464
14  chromedriver                        0x0000000109ba5957 chromedriver + 3279191
15  chromedriver                        0x0000000109bdaa94 chromedriver + 3496596
16  chromedriver                        0x0000000109bf9047 chromedriver + 3620935
17  libsystem_pthread.dylib             0x00007fff77176661 _pthread_body + 340
18  libsystem_pthread.dylib             0x00007fff7717650d _pthread_body + 0
19  libsystem_pthread.dylib             0x00007fff77175bf9 thread_start + 13
">
      <![CDATA[org.openqa.selenium.SessionNotCreatedException: session not created: This version of ChromeDriver only supports Chrome version 75
Build info: version: '3.141.59', revision: 'e82be7d358', time: '2018-11-14T08:25:48'
System info: host: 'FUNSOs-Air', ip: '192.168.1.242', os.name: 'Mac OS X', os.arch: 'x86_64', os.version: '10.13.6', java.version: '1.8.0_144'
Driver info: driver.version: ChromeDriver
remote stacktrace: 0   chromedriver                        0x0000000109bf3319 chromedriver + 3597081
1   chromedriver                        0x0000000109b82f73 chromedriver + 3137395
2   chromedriver                        0x000000010992ec7f chromedriver + 695423
3   chromedriver                        0x000000010989ca6b chromedriver + 96875
4   chromedriver                        0x0000000109898b18 chromedriver + 80664
5   chromedriver                        0x00000001098c5139 chromedriver + 262457
6   chromedriver                        0x00000001098c2753 chromedriver + 251731
7   chromedriver                        0x000000010989eaea chromedriver + 105194
8   chromedriver                        0x000000010989fb45 chromedriver + 109381
9   chromedriver                        0x0000000109bb1f85 chromedriver + 3329925
10  chromedriver                        0x0000000109bbd890 chromedriver + 3377296
11  chromedriver                        0x0000000109bbd628 chromedriver + 3376680
12  chromedriver                        0x0000000109b91769 chromedriver + 3196777
13  chromedriver                        0x0000000109bbe108 chromedriver + 3379464
14  chromedriver                        0x0000000109ba5957 chromedriver + 3279191
15  chromedriver                        0x0000000109bdaa94 chromedriver + 3496596
16  chromedriver                        0x0000000109bf9047 chromedriver + 3620935
17  libsystem_pthread.dylib             0x00007fff77176661 _pthread_body + 340
18  libsystem_pthread.dylib             0x00007fff7717650d _pthread_body + 0
19  libsystem_pthread.dylib             0x00007fff77175bf9 thread_start + 13

at sun.reflect.NativeConstructorAccessorImpl.newInstance0(Native Method)
at sun.reflect.NativeConstructorAccessorImpl.newInstance(NativeConstructorAccessorImpl.java:62)
at sun.reflect.DelegatingConstructorAccessorImpl.newInstance(DelegatingConstructorAccessorImpl.java:45)
at java.lang.reflect.Constructor.newInstance(Constructor.java:423)
at org.openqa.selenium.remote.W3CHandshakeResponse.lambda$errorHandler$0(W3CHandshakeResponse.java:62)
at org.openqa.selenium.remote.HandshakeResponse.lambda$getResponseFunction$0(HandshakeResponse.java:30)
at org.openqa.selenium.remote.ProtocolHandshake.lambda$createSession$0(ProtocolHandshake.java:126)
at java.util.stream.ReferencePipeline$3$1.accept(ReferencePipeline.java:193)
at java.util.Spliterators$ArraySpliterator.tryAdvance(Spliterators.java:958)
at java.util.stream.ReferencePipeline.forEachWithCancel(ReferencePipeline.java:126)
at java.util.stream.AbstractPipeline.copyIntoWithCancel(AbstractPipeline.java:498)
at java.util.stream.AbstractPipeline.copyInto(AbstractPipeline.java:485)
at java.util.stream.AbstractPipeline.wrapAndCopyInto(AbstractPipeline.java:471)
at java.util.stream.FindOps$FindOp.evaluateSequential(FindOps.java:152)
at java.util.stream.AbstractPipeline.evaluate(AbstractPipeline.java:234)
at java.util.stream.ReferencePipeline.findFirst(ReferencePipeline.java:464)
at org.openqa.selenium.remote.ProtocolHandshake.createSession(ProtocolHandshake.java:128)
at org.openqa.selenium.remote.ProtocolHandshake.createSession(ProtocolHandshake.java:74)
at org.openqa.selenium.remote.HttpCommandExecutor.execute(HttpCommandExecutor.java:136)
at org.openqa.selenium.remote.service.DriverCommandExecutor.execute(DriverCommandExecutor.java:83)
at org.openqa.selenium.remote.RemoteWebDriver.execute(RemoteWebDriver.java:552)
at org.openqa.selenium.remote.RemoteWebDriver.startSession(RemoteWebDriver.java:213)
at org.openqa.selenium.remote.RemoteWebDriver.<init>(RemoteWebDriver.java:131)
at org.openqa.selenium.chrome.ChromeDriver.<init>(ChromeDriver.java:181)
at org.openqa.selenium.chrome.ChromeDriver.<init>(ChromeDriver.java:168)
at org.openqa.selenium.chrome.ChromeDriver.<init>(ChromeDriver.java:123)
at resources.base.initializeDriver(base.java:40)
at HomePage.initialise(HomePage.java:22)
at sun.reflect.NativeMethodAccessorImpl.invoke0(Native Method)
at sun.reflect.NativeMethodAccessorImpl.invoke(NativeMethodAccessorImpl.java:62)
at sun.reflect.DelegatingMethodAccessorImpl.invoke(DelegatingMethodAccessorImpl.java:43)
at java.lang.reflect.Method.invoke(Method.java:498)
at org.testng.internal.MethodInvocationHelper.invokeMethod(MethodInvocationHelper.java:133)
at org.testng.internal.MethodInvocationHelper.invokeMethodConsideringTimeout(MethodInvocationHelper.java:62)
at org.testng.internal.ConfigInvoker.invokeConfigurationMethod(ConfigInvoker.java:340)
at org.testng.internal.ConfigInvoker.invokeConfigurations(ConfigInvoker.java:294)
at org.testng.TestRunner.invokeTestConfigurations(TestRunner.java:623)
at org.testng.TestRunner.beforeRun(TestRunner.java:613)
at org.testng.TestRunner.run(TestRunner.java:584)
at org.testng.SuiteRunner.runTest(SuiteRunner.java:402)
at org.testng.SuiteRunner.runSequentially(SuiteRunner.java:396)
at org.testng.SuiteRunner.privateRun(SuiteRunner.java:355)
at org.testng.SuiteRunner.run(SuiteRunner.java:304)
at org.testng.SuiteRunnerWorker.runSuite(SuiteRunnerWorker.java:53)
at org.testng.SuiteRunnerWorker.run(SuiteRunnerWorker.java:96)
at org.testng.TestNG.runSuitesSequentially(TestNG.java:1180)
at org.testng.TestNG.runSuitesLocally(TestNG.java:1102)
at org.testng.TestNG.runSuites(TestNG.java:1032)
at org.testng.TestNG.run(TestNG.java:1000)
at org.testng.remote.AbstractRemoteTestNG.run(AbstractRemoteTestNG.java:115)
at org.testng.remote.RemoteTestNG.initAndRun(RemoteTestNG.java:251)
at org.testng.remote.RemoteTestNG.main(RemoteTestNG.java:77)
]]>
    </failure>
  </testcase> <!-- @BeforeTest initialise -->
  <testcase name="@AfterTest teardown" time="-1.574864070519E9" classname="HomePage">
    <skipped/>
  </testcase> <!-- @AfterTest teardown -->
  <testcase name="basenavigation" time="0.0" classname="HomePage">
    <skipped/>
  </testcase> <!-- basenavigation -->
</testsuite>
